<?xml version="1.0" encoding="UTF-8"?>
<testsuite xmlns:xsi="http://www.w3.org/2001/XMLSchema-instance" xsi:noNamespaceSchemaLocation="https://maven.apache.org/surefire/maven-surefire-plugin/xsd/surefire-test-report.xsd" name="com.inHealth.server.ServerApplicationTests" time="2.243" tests="1" errors="0" skipped="0" failures="0">
  <properties>
    <property name="java.specification.version" value="17"/>
    <property name="sun.cpu.isalist" value="amd64"/>
    <property name="sun.jnu.encoding" value="Cp1252"/>
    <property name="java.class.path" value="C:\Users\lauis\Downloads\Maestria\JointProject\server\target\test-classes;C:\Users\lauis\Downloads\Maestria\JointProject\server\target\classes;C:\Users\lauis\.m2\repository\org\springframework\boot\spring-boot-starter-thymeleaf\1.5.1.RELEASE\spring-boot-starter-thymeleaf-1.5.1.RELEASE.jar;C:\Users\lauis\.m2\repository\org\springframework\boot\spring-boot-starter\2.7.10\spring-boot-starter-2.7.10.jar;C:\Users\lauis\.m2\repository\org\springframework\boot\spring-boot\2.7.10\spring-boot-2.7.10.jar;C:\Users\lauis\.m2\repository\org\springframework\boot\spring-boot-autoconfigure\2.7.10\spring-boot-autoconfigure-2.7.10.jar;C:\Users\lauis\.m2\repository\org\springframework\boot\spring-boot-starter-logging\2.7.10\spring-boot-starter-logging-2.7.10.jar;C:\Users\lauis\.m2\repository\org\apache\logging\log4j\log4j-to-slf4j\2.17.2\log4j-to-slf4j-2.17.2.jar;C:\Users\lauis\.m2\repository\org\apache\logging\log4j\log4j-api\2.17.2\log4j-api-2.17.2.jar;C:\Users\lauis\.m2\repository\org\yaml\snakeyaml\1.30\snakeyaml-1.30.jar;C:\Users\lauis\.m2\repository\org\thymeleaf\thymeleaf-spring4\2.1.5.RELEASE\thymeleaf-spring4-2.1.5.RELEASE.jar;C:\Users\lauis\.m2\repository\org\thymeleaf\thymeleaf\3.0.15.RELEASE\thymeleaf-3.0.15.RELEASE.jar;C:\Users\lauis\.m2\repository\ognl\ognl\3.1.26\ognl-3.1.26.jar;C:\Users\lauis\.m2\repository\org\attoparser\attoparser\2.0.5.RELEASE\attoparser-2.0.5.RELEASE.jar;C:\Users\lauis\.m2\repository\org\unbescape\unbescape\1.1.6.RELEASE\unbescape-1.1.6.RELEASE.jar;C:\Users\lauis\.m2\repository\nz\net\ultraq\thymeleaf\thymeleaf-layout-dialect\3.0.0\thymeleaf-layout-dialect-3.0.0.jar;C:\Users\lauis\.m2\repository\org\codehaus\groovy\groovy\3.0.16\groovy-3.0.16.jar;C:\Users\lauis\.m2\repository\nz\net\ultraq\extensions\groovy-extensions\1.1.0\groovy-extensions-1.1.0.jar;C:\Users\lauis\.m2\repository\nz\net\ultraq\thymeleaf\thymeleaf-expression-processor\3.0.0\thymeleaf-expression-processor-3.0.0.jar;C:\Users\lauis\.m2\repository\org\springframework\boot\spring-boot-starter-web\2.7.10\spring-boot-starter-web-2.7.10.jar;C:\Users\lauis\.m2\repository\org\springframework\boot\spring-boot-starter-json\2.7.10\spring-boot-starter-json-2.7.10.jar;C:\Users\lauis\.m2\repository\com\fasterxml\jackson\datatype\jackson-datatype-jdk8\2.13.5\jackson-datatype-jdk8-2.13.5.jar;C:\Users\lauis\.m2\repository\com\fasterxml\jackson\datatype\jackson-datatype-jsr310\2.13.5\jackson-datatype-jsr310-2.13.5.jar;C:\Users\lauis\.m2\repository\com\fasterxml\jackson\module\jackson-module-parameter-names\2.13.5\jackson-module-parameter-names-2.13.5.jar;C:\Users\lauis\.m2\repository\org\springframework\spring-web\5.3.26\spring-web-5.3.26.jar;C:\Users\lauis\.m2\repository\org\springframework\spring-beans\5.3.26\spring-beans-5.3.26.jar;C:\Users\lauis\.m2\repository\org\springframework\spring-webmvc\5.3.26\spring-webmvc-5.3.26.jar;C:\Users\lauis\.m2\repository\org\springframework\spring-aop\5.3.26\spring-aop-5.3.26.jar;C:\Users\lauis\.m2\repository\org\springframework\spring-context\5.3.26\spring-context-5.3.26.jar;C:\Users\lauis\.m2\repository\org\springframework\spring-expression\5.3.26\spring-expression-5.3.26.jar;C:\Users\lauis\.m2\repository\org\springframework\boot\spring-boot-starter-tomcat\2.7.10\spring-boot-starter-tomcat-2.7.10.jar;C:\Users\lauis\.m2\repository\jakarta\annotation\jakarta.annotation-api\1.3.5\jakarta.annotation-api-1.3.5.jar;C:\Users\lauis\.m2\repository\org\apache\tomcat\embed\tomcat-embed-core\9.0.73\tomcat-embed-core-9.0.73.jar;C:\Users\lauis\.m2\repository\org\apache\tomcat\embed\tomcat-embed-el\9.0.73\tomcat-embed-el-9.0.73.jar;C:\Users\lauis\.m2\repository\org\apache\tomcat\embed\tomcat-embed-websocket\9.0.73\tomcat-embed-websocket-9.0.73.jar;C:\Users\lauis\.m2\repository\org\springframework\boot\spring-boot-starter-test\2.7.10\spring-boot-starter-test-2.7.10.jar;C:\Users\lauis\.m2\repository\org\springframework\boot\spring-boot-test\2.7.10\spring-boot-test-2.7.10.jar;C:\Users\lauis\.m2\repository\org\springframework\boot\spring-boot-test-autoconfigure\2.7.10\spring-boot-test-autoconfigure-2.7.10.jar;C:\Users\lauis\.m2\repository\com\jayway\jsonpath\json-path\2.7.0\json-path-2.7.0.jar;C:\Users\lauis\.m2\repository\net\minidev\json-smart\2.4.10\json-smart-2.4.10.jar;C:\Users\lauis\.m2\repository\net\minidev\accessors-smart\2.4.9\accessors-smart-2.4.9.jar;C:\Users\lauis\.m2\repository\org\ow2\asm\asm\9.3\asm-9.3.jar;C:\Users\lauis\.m2\repository\jakarta\xml\bind\jakarta.xml.bind-api\2.3.3\jakarta.xml.bind-api-2.3.3.jar;C:\Users\lauis\.m2\repository\jakarta\activation\jakarta.activation-api\1.2.2\jakarta.activation-api-1.2.2.jar;C:\Users\lauis\.m2\repository\org\assertj\assertj-core\3.22.0\assertj-core-3.22.0.jar;C:\Users\lauis\.m2\repository\org\hamcrest\hamcrest\2.2\hamcrest-2.2.jar;C:\Users\lauis\.m2\repository\org\junit\jupiter\junit-jupiter\5.8.2\junit-jupiter-5.8.2.jar;C:\Users\lauis\.m2\repository\org\junit\jupiter\junit-jupiter-api\5.8.2\junit-jupiter-api-5.8.2.jar;C:\Users\lauis\.m2\repository\org\opentest4j\opentest4j\1.2.0\opentest4j-1.2.0.jar;C:\Users\lauis\.m2\repository\org\junit\platform\junit-platform-commons\1.8.2\junit-platform-commons-1.8.2.jar;C:\Users\lauis\.m2\repository\org\apiguardian\apiguardian-api\1.1.2\apiguardian-api-1.1.2.jar;C:\Users\lauis\.m2\repository\org\junit\jupiter\junit-jupiter-params\5.8.2\junit-jupiter-params-5.8.2.jar;C:\Users\lauis\.m2\repository\org\junit\jupiter\junit-jupiter-engine\5.8.2\junit-jupiter-engine-5.8.2.jar;C:\Users\lauis\.m2\repository\org\junit\platform\junit-platform-engine\1.8.2\junit-platform-engine-1.8.2.jar;C:\Users\lauis\.m2\repository\org\mockito\mockito-core\4.5.1\mockito-core-4.5.1.jar;C:\Users\lauis\.m2\repository\net\bytebuddy\byte-buddy\1.12.23\byte-buddy-1.12.23.jar;C:\Users\lauis\.m2\repository\net\bytebuddy\byte-buddy-agent\1.12.23\byte-buddy-agent-1.12.23.jar;C:\Users\lauis\.m2\repository\org\objenesis\objenesis\3.2\objenesis-3.2.jar;C:\Users\lauis\.m2\repository\org\mockito\mockito-junit-jupiter\4.5.1\mockito-junit-jupiter-4.5.1.jar;C:\Users\lauis\.m2\repository\org\skyscreamer\jsonassert\1.5.1\jsonassert-1.5.1.jar;C:\Users\lauis\.m2\repository\com\vaadin\external\google\android-json\0.0.20131108.vaadin1\android-json-0.0.20131108.vaadin1.jar;C:\Users\lauis\.m2\repository\org\springframework\spring-core\5.3.26\spring-core-5.3.26.jar;C:\Users\lauis\.m2\repository\org\springframework\spring-jcl\5.3.26\spring-jcl-5.3.26.jar;C:\Users\lauis\.m2\repository\org\springframework\spring-test\5.3.26\spring-test-5.3.26.jar;C:\Users\lauis\.m2\repository\org\xmlunit\xmlunit-core\2.9.1\xmlunit-core-2.9.1.jar;C:\Users\lauis\.m2\repository\org\apache\spark\spark-core_2.12\3.1.2\spark-core_2.12-3.1.2.jar;C:\Users\lauis\.m2\repository\com\thoughtworks\paranamer\paranamer\2.8\paranamer-2.8.jar;C:\Users\lauis\.m2\repository\org\apache\avro\avro\1.8.2\avro-1.8.2.jar;C:\Users\lauis\.m2\repository\org\apache\commons\commons-compress\1.8.1\commons-compress-1.8.1.jar;C:\Users\lauis\.m2\repository\org\tukaani\xz\1.5\xz-1.5.jar;C:\Users\lauis\.m2\repository\org\apache\avro\avro-mapred\1.8.2\avro-mapred-1.8.2-hadoop2.jar;C:\Users\lauis\.m2\repository\org\apache\avro\avro-ipc\1.8.2\avro-ipc-1.8.2.jar;C:\Users\lauis\.m2\repository\com\twitter\chill_2.12\0.9.5\chill_2.12-0.9.5.jar;C:\Users\lauis\.m2\repository\com\esotericsoftware\kryo-shaded\4.0.2\kryo-shaded-4.0.2.jar;C:\Users\lauis\.m2\repository\com\esotericsoftware\minlog\1.3.0\minlog-1.3.0.jar;C:\Users\lauis\.m2\repository\com\twitter\chill-java\0.9.5\chill-java-0.9.5.jar;C:\Users\lauis\.m2\repository\org\apache\xbean\xbean-asm7-shaded\4.15\xbean-asm7-shaded-4.15.jar;C:\Users\lauis\.m2\repository\org\apache\spark\spark-launcher_2.12\3.1.2\spark-launcher_2.12-3.1.2.jar;C:\Users\lauis\.m2\repository\org\apache\spark\spark-kvstore_2.12\3.1.2\spark-kvstore_2.12-3.1.2.jar;C:\Users\lauis\.m2\repository\com\fasterxml\jackson\core\jackson-core\2.13.5\jackson-core-2.13.5.jar;C:\Users\lauis\.m2\repository\com\fasterxml\jackson\core\jackson-annotations\2.13.5\jackson-annotations-2.13.5.jar;C:\Users\lauis\.m2\repository\org\apache\spark\spark-network-common_2.12\3.1.2\spark-network-common_2.12-3.1.2.jar;C:\Users\lauis\.m2\repository\org\apache\spark\spark-network-shuffle_2.12\3.1.2\spark-network-shuffle_2.12-3.1.2.jar;C:\Users\lauis\.m2\repository\org\apache\spark\spark-unsafe_2.12\3.1.2\spark-unsafe_2.12-3.1.2.jar;C:\Users\lauis\.m2\repository\javax\activation\activation\1.1.1\activation-1.1.1.jar;C:\Users\lauis\.m2\repository\org\apache\curator\curator-recipes\2.13.0\curator-recipes-2.13.0.jar;C:\Users\lauis\.m2\repository\org\apache\curator\curator-framework\2.13.0\curator-framework-2.13.0.jar;C:\Users\lauis\.m2\repository\org\apache\zookeeper\zookeeper\3.4.14\zookeeper-3.4.14.jar;C:\Users\lauis\.m2\repository\jakarta\servlet\jakarta.servlet-api\4.0.4\jakarta.servlet-api-4.0.4.jar;C:\Users\lauis\.m2\repository\org\apache\commons\commons-lang3\3.12.0\commons-lang3-3.12.0.jar;C:\Users\lauis\.m2\repository\org\apache\commons\commons-math3\3.4.1\commons-math3-3.4.1.jar;C:\Users\lauis\.m2\repository\org\apache\commons\commons-text\1.6\commons-text-1.6.jar;C:\Users\lauis\.m2\repository\com\google\code\findbugs\jsr305\3.0.0\jsr305-3.0.0.jar;C:\Users\lauis\.m2\repository\org\slf4j\slf4j-api\1.7.36\slf4j-api-1.7.36.jar;C:\Users\lauis\.m2\repository\org\slf4j\jul-to-slf4j\1.7.36\jul-to-slf4j-1.7.36.jar;C:\Users\lauis\.m2\repository\org\slf4j\jcl-over-slf4j\1.7.36\jcl-over-slf4j-1.7.36.jar;C:\Users\lauis\.m2\repository\log4j\log4j\1.2.17\log4j-1.2.17.jar;C:\Users\lauis\.m2\repository\org\slf4j\slf4j-reload4j\1.7.36\slf4j-reload4j-1.7.36.jar;C:\Users\lauis\.m2\repository\ch\qos\reload4j\reload4j\1.2.19\reload4j-1.2.19.jar;C:\Users\lauis\.m2\repository\com\ning\compress-lzf\1.0.3\compress-lzf-1.0.3.jar;C:\Users\lauis\.m2\repository\org\xerial\snappy\snappy-java\1.1.8.2\snappy-java-1.1.8.2.jar;C:\Users\lauis\.m2\repository\org\lz4\lz4-java\1.7.1\lz4-java-1.7.1.jar;C:\Users\lauis\.m2\repository\com\github\luben\zstd-jni\1.4.8-1\zstd-jni-1.4.8-1.jar;C:\Users\lauis\.m2\repository\org\roaringbitmap\RoaringBitmap\0.9.0\RoaringBitmap-0.9.0.jar;C:\Users\lauis\.m2\repository\org\roaringbitmap\shims\0.9.0\shims-0.9.0.jar;C:\Users\lauis\.m2\repository\commons-net\commons-net\3.1\commons-net-3.1.jar;C:\Users\lauis\.m2\repository\org\scala-lang\modules\scala-xml_2.12\1.2.0\scala-xml_2.12-1.2.0.jar;C:\Users\lauis\.m2\repository\org\scala-lang\scala-library\2.12.10\scala-library-2.12.10.jar;C:\Users\lauis\.m2\repository\org\scala-lang\scala-reflect\2.12.10\scala-reflect-2.12.10.jar;C:\Users\lauis\.m2\repository\org\json4s\json4s-jackson_2.12\3.7.0-M5\json4s-jackson_2.12-3.7.0-M5.jar;C:\Users\lauis\.m2\repository\org\json4s\json4s-core_2.12\3.7.0-M5\json4s-core_2.12-3.7.0-M5.jar;C:\Users\lauis\.m2\repository\org\json4s\json4s-ast_2.12\3.7.0-M5\json4s-ast_2.12-3.7.0-M5.jar;C:\Users\lauis\.m2\repository\org\json4s\json4s-scalap_2.12\3.7.0-M5\json4s-scalap_2.12-3.7.0-M5.jar;C:\Users\lauis\.m2\repository\org\glassfish\jersey\core\jersey-client\2.35\jersey-client-2.35.jar;C:\Users\lauis\.m2\repository\jakarta\ws\rs\jakarta.ws.rs-api\2.1.6\jakarta.ws.rs-api-2.1.6.jar;C:\Users\lauis\.m2\repository\org\glassfish\hk2\external\jakarta.inject\2.6.1\jakarta.inject-2.6.1.jar;C:\Users\lauis\.m2\repository\org\glassfish\jersey\core\jersey-common\2.35\jersey-common-2.35.jar;C:\Users\lauis\.m2\repository\org\glassfish\hk2\osgi-resource-locator\1.0.3\osgi-resource-locator-1.0.3.jar;C:\Users\lauis\.m2\repository\org\glassfish\jersey\core\jersey-server\2.35\jersey-server-2.35.jar;C:\Users\lauis\.m2\repository\jakarta\validation\jakarta.validation-api\2.0.2\jakarta.validation-api-2.0.2.jar;C:\Users\lauis\.m2\repository\org\glassfish\jersey\containers\jersey-container-servlet\2.35\jersey-container-servlet-2.35.jar;C:\Users\lauis\.m2\repository\org\glassfish\jersey\containers\jersey-container-servlet-core\2.35\jersey-container-servlet-core-2.35.jar;C:\Users\lauis\.m2\repository\org\glassfish\jersey\inject\jersey-hk2\2.35\jersey-hk2-2.35.jar;C:\Users\lauis\.m2\repository\org\glassfish\hk2\hk2-locator\2.6.1\hk2-locator-2.6.1.jar;C:\Users\lauis\.m2\repository\org\glassfish\hk2\external\aopalliance-repackaged\2.6.1\aopalliance-repackaged-2.6.1.jar;C:\Users\lauis\.m2\repository\org\glassfish\hk2\hk2-api\2.6.1\hk2-api-2.6.1.jar;C:\Users\lauis\.m2\repository\org\glassfish\hk2\hk2-utils\2.6.1\hk2-utils-2.6.1.jar;C:\Users\lauis\.m2\repository\org\javassist\javassist\3.25.0-GA\javassist-3.25.0-GA.jar;C:\Users\lauis\.m2\repository\io\netty\netty-all\4.1.90.Final\netty-all-4.1.90.Final.jar;C:\Users\lauis\.m2\repository\io\netty\netty-buffer\4.1.90.Final\netty-buffer-4.1.90.Final.jar;C:\Users\lauis\.m2\repository\io\netty\netty-codec\4.1.90.Final\netty-codec-4.1.90.Final.jar;C:\Users\lauis\.m2\repository\io\netty\netty-codec-dns\4.1.90.Final\netty-codec-dns-4.1.90.Final.jar;C:\Users\lauis\.m2\repository\io\netty\netty-codec-haproxy\4.1.90.Final\netty-codec-haproxy-4.1.90.Final.jar;C:\Users\lauis\.m2\repository\io\netty\netty-codec-http\4.1.90.Final\netty-codec-http-4.1.90.Final.jar;C:\Users\lauis\.m2\repository\io\netty\netty-codec-http2\4.1.90.Final\netty-codec-http2-4.1.90.Final.jar;C:\Users\lauis\.m2\repository\io\netty\netty-codec-memcache\4.1.90.Final\netty-codec-memcache-4.1.90.Final.jar;C:\Users\lauis\.m2\repository\io\netty\netty-codec-mqtt\4.1.90.Final\netty-codec-mqtt-4.1.90.Final.jar;C:\Users\lauis\.m2\repository\io\netty\netty-codec-redis\4.1.90.Final\netty-codec-redis-4.1.90.Final.jar;C:\Users\lauis\.m2\repository\io\netty\netty-codec-smtp\4.1.90.Final\netty-codec-smtp-4.1.90.Final.jar;C:\Users\lauis\.m2\repository\io\netty\netty-codec-socks\4.1.90.Final\netty-codec-socks-4.1.90.Final.jar;C:\Users\lauis\.m2\repository\io\netty\netty-codec-stomp\4.1.90.Final\netty-codec-stomp-4.1.90.Final.jar;C:\Users\lauis\.m2\repository\io\netty\netty-codec-xml\4.1.90.Final\netty-codec-xml-4.1.90.Final.jar;C:\Users\lauis\.m2\repository\io\netty\netty-common\4.1.90.Final\netty-common-4.1.90.Final.jar;C:\Users\lauis\.m2\repository\io\netty\netty-handler\4.1.90.Final\netty-handler-4.1.90.Final.jar;C:\Users\lauis\.m2\repository\io\netty\netty-transport-native-unix-common\4.1.90.Final\netty-transport-native-unix-common-4.1.90.Final.jar;C:\Users\lauis\.m2\repository\io\netty\netty-handler-proxy\4.1.90.Final\netty-handler-proxy-4.1.90.Final.jar;C:\Users\lauis\.m2\repository\io\netty\netty-handler-ssl-ocsp\4.1.90.Final\netty-handler-ssl-ocsp-4.1.90.Final.jar;C:\Users\lauis\.m2\repository\io\netty\netty-resolver\4.1.90.Final\netty-resolver-4.1.90.Final.jar;C:\Users\lauis\.m2\repository\io\netty\netty-resolver-dns\4.1.90.Final\netty-resolver-dns-4.1.90.Final.jar;C:\Users\lauis\.m2\repository\io\netty\netty-transport\4.1.90.Final\netty-transport-4.1.90.Final.jar;C:\Users\lauis\.m2\repository\io\netty\netty-transport-rxtx\4.1.90.Final\netty-transport-rxtx-4.1.90.Final.jar;C:\Users\lauis\.m2\repository\io\netty\netty-transport-sctp\4.1.90.Final\netty-transport-sctp-4.1.90.Final.jar;C:\Users\lauis\.m2\repository\io\netty\netty-transport-udt\4.1.90.Final\netty-transport-udt-4.1.90.Final.jar;C:\Users\lauis\.m2\repository\io\netty\netty-transport-classes-epoll\4.1.90.Final\netty-transport-classes-epoll-4.1.90.Final.jar;C:\Users\lauis\.m2\repository\io\netty\netty-transport-classes-kqueue\4.1.90.Final\netty-transport-classes-kqueue-4.1.90.Final.jar;C:\Users\lauis\.m2\repository\io\netty\netty-resolver-dns-classes-macos\4.1.90.Final\netty-resolver-dns-classes-macos-4.1.90.Final.jar;C:\Users\lauis\.m2\repository\io\netty\netty-transport-native-epoll\4.1.90.Final\netty-transport-native-epoll-4.1.90.Final-linux-x86_64.jar;C:\Users\lauis\.m2\repository\io\netty\netty-transport-native-epoll\4.1.90.Final\netty-transport-native-epoll-4.1.90.Final-linux-aarch_64.jar;C:\Users\lauis\.m2\repository\io\netty\netty-transport-native-kqueue\4.1.90.Final\netty-transport-native-kqueue-4.1.90.Final-osx-x86_64.jar;C:\Users\lauis\.m2\repository\io\netty\netty-transport-native-kqueue\4.1.90.Final\netty-transport-native-kqueue-4.1.90.Final-osx-aarch_64.jar;C:\Users\lauis\.m2\repository\io\netty\netty-resolver-dns-native-macos\4.1.90.Final\netty-resolver-dns-native-macos-4.1.90.Final-osx-x86_64.jar;C:\Users\lauis\.m2\repository\io\netty\netty-resolver-dns-native-macos\4.1.90.Final\netty-resolver-dns-native-macos-4.1.90.Final-osx-aarch_64.jar;C:\Users\lauis\.m2\repository\com\clearspring\analytics\stream\2.9.6\stream-2.9.6.jar;C:\Users\lauis\.m2\repository\io\dropwizard\metrics\metrics-core\4.2.18\metrics-core-4.2.18.jar;C:\Users\lauis\.m2\repository\io\dropwizard\metrics\metrics-jvm\4.2.18\metrics-jvm-4.2.18.jar;C:\Users\lauis\.m2\repository\io\dropwizard\metrics\metrics-json\4.2.18\metrics-json-4.2.18.jar;C:\Users\lauis\.m2\repository\io\dropwizard\metrics\metrics-graphite\4.2.18\metrics-graphite-4.2.18.jar;C:\Users\lauis\.m2\repository\io\dropwizard\metrics\metrics-jmx\4.2.18\metrics-jmx-4.2.18.jar;C:\Users\lauis\.m2\repository\com\fasterxml\jackson\core\jackson-databind\2.13.5\jackson-databind-2.13.5.jar;C:\Users\lauis\.m2\repository\com\fasterxml\jackson\module\jackson-module-scala_2.12\2.13.5\jackson-module-scala_2.12-2.13.5.jar;C:\Users\lauis\.m2\repository\org\apache\ivy\ivy\2.4.0\ivy-2.4.0.jar;C:\Users\lauis\.m2\repository\oro\oro\2.0.8\oro-2.0.8.jar;C:\Users\lauis\.m2\repository\net\razorvine\pyrolite\4.30\pyrolite-4.30.jar;C:\Users\lauis\.m2\repository\net\sf\py4j\py4j\0.10.9\py4j-0.10.9.jar;C:\Users\lauis\.m2\repository\org\apache\spark\spark-tags_2.12\3.1.2\spark-tags_2.12-3.1.2.jar;C:\Users\lauis\.m2\repository\org\apache\commons\commons-crypto\1.1.0\commons-crypto-1.1.0.jar;C:\Users\lauis\.m2\repository\org\spark-project\spark\unused\1.0.0\unused-1.0.0.jar;C:\Users\lauis\.m2\repository\org\apache\hadoop\hadoop-hdfs\2.7.2\hadoop-hdfs-2.7.2.jar;C:\Users\lauis\.m2\repository\com\google\guava\guava\11.0.2\guava-11.0.2.jar;C:\Users\lauis\.m2\repository\org\mortbay\jetty\jetty\6.1.26\jetty-6.1.26.jar;C:\Users\lauis\.m2\repository\org\mortbay\jetty\jetty-util\6.1.26\jetty-util-6.1.26.jar;C:\Users\lauis\.m2\repository\com\sun\jersey\jersey-core\1.9\jersey-core-1.9.jar;C:\Users\lauis\.m2\repository\com\sun\jersey\jersey-server\1.9\jersey-server-1.9.jar;C:\Users\lauis\.m2\repository\asm\asm\3.1\asm-3.1.jar;C:\Users\lauis\.m2\repository\commons-cli\commons-cli\1.2\commons-cli-1.2.jar;C:\Users\lauis\.m2\repository\commons-codec\commons-codec\1.15\commons-codec-1.15.jar;C:\Users\lauis\.m2\repository\commons-io\commons-io\2.4\commons-io-2.4.jar;C:\Users\lauis\.m2\repository\commons-lang\commons-lang\2.6\commons-lang-2.6.jar;C:\Users\lauis\.m2\repository\commons-logging\commons-logging\1.1.3\commons-logging-1.1.3.jar;C:\Users\lauis\.m2\repository\commons-daemon\commons-daemon\1.0.13\commons-daemon-1.0.13.jar;C:\Users\lauis\.m2\repository\com\google\protobuf\protobuf-java\2.5.0\protobuf-java-2.5.0.jar;C:\Users\lauis\.m2\repository\javax\servlet\servlet-api\2.5\servlet-api-2.5.jar;C:\Users\lauis\.m2\repository\org\codehaus\jackson\jackson-core-asl\1.9.13\jackson-core-asl-1.9.13.jar;C:\Users\lauis\.m2\repository\org\codehaus\jackson\jackson-mapper-asl\1.9.13\jackson-mapper-asl-1.9.13.jar;C:\Users\lauis\.m2\repository\xmlenc\xmlenc\0.52\xmlenc-0.52.jar;C:\Users\lauis\.m2\repository\io\netty\netty\3.6.2.Final\netty-3.6.2.Final.jar;C:\Users\lauis\.m2\repository\xerces\xercesImpl\2.9.1\xercesImpl-2.9.1.jar;C:\Users\lauis\.m2\repository\xml-apis\xml-apis\1.3.04\xml-apis-1.3.04.jar;C:\Users\lauis\.m2\repository\org\apache\htrace\htrace-core\3.1.0-incubating\htrace-core-3.1.0-incubating.jar;C:\Users\lauis\.m2\repository\org\fusesource\leveldbjni\leveldbjni-all\1.8\leveldbjni-all-1.8.jar;C:\Users\lauis\.m2\repository\org\apache\hadoop\hadoop-client\2.7.2\hadoop-client-2.7.2.jar;C:\Users\lauis\.m2\repository\org\apache\hadoop\hadoop-common\2.7.2\hadoop-common-2.7.2.jar;C:\Users\lauis\.m2\repository\commons-httpclient\commons-httpclient\3.1\commons-httpclient-3.1.jar;C:\Users\lauis\.m2\repository\commons-collections\commons-collections\3.2.2\commons-collections-3.2.2.jar;C:\Users\lauis\.m2\repository\javax\servlet\jsp\jsp-api\2.1\jsp-api-2.1.jar;C:\Users\lauis\.m2\repository\commons-configuration\commons-configuration\1.6\commons-configuration-1.6.jar;C:\Users\lauis\.m2\repository\commons-digester\commons-digester\1.8\commons-digester-1.8.jar;C:\Users\lauis\.m2\repository\commons-beanutils\commons-beanutils\1.7.0\commons-beanutils-1.7.0.jar;C:\Users\lauis\.m2\repository\commons-beanutils\commons-beanutils-core\1.8.0\commons-beanutils-core-1.8.0.jar;C:\Users\lauis\.m2\repository\com\google\code\gson\gson\2.9.1\gson-2.9.1.jar;C:\Users\lauis\.m2\repository\org\apache\curator\curator-client\2.7.1\curator-client-2.7.1.jar;C:\Users\lauis\.m2\repository\org\apache\hadoop\hadoop-mapreduce-client-app\2.7.2\hadoop-mapreduce-client-app-2.7.2.jar;C:\Users\lauis\.m2\repository\org\apache\hadoop\hadoop-mapreduce-client-common\2.7.2\hadoop-mapreduce-client-common-2.7.2.jar;C:\Users\lauis\.m2\repository\org\apache\hadoop\hadoop-yarn-client\2.7.2\hadoop-yarn-client-2.7.2.jar;C:\Users\lauis\.m2\repository\org\apache\hadoop\hadoop-yarn-server-common\2.7.2\hadoop-yarn-server-common-2.7.2.jar;C:\Users\lauis\.m2\repository\org\apache\hadoop\hadoop-mapreduce-client-shuffle\2.7.2\hadoop-mapreduce-client-shuffle-2.7.2.jar;C:\Users\lauis\.m2\repository\org\apache\hadoop\hadoop-yarn-api\2.7.2\hadoop-yarn-api-2.7.2.jar;C:\Users\lauis\.m2\repository\org\apache\hadoop\hadoop-mapreduce-client-core\2.7.2\hadoop-mapreduce-client-core-2.7.2.jar;C:\Users\lauis\.m2\repository\org\apache\hadoop\hadoop-yarn-common\2.7.2\hadoop-yarn-common-2.7.2.jar;C:\Users\lauis\.m2\repository\javax\xml\bind\jaxb-api\2.3.1\jaxb-api-2.3.1.jar;C:\Users\lauis\.m2\repository\com\sun\jersey\jersey-client\1.9\jersey-client-1.9.jar;C:\Users\lauis\.m2\repository\org\codehaus\jackson\jackson-jaxrs\1.9.13\jackson-jaxrs-1.9.13.jar;C:\Users\lauis\.m2\repository\org\codehaus\jackson\jackson-xc\1.9.13\jackson-xc-1.9.13.jar;C:\Users\lauis\.m2\repository\org\apache\hadoop\hadoop-mapreduce-client-jobclient\2.7.2\hadoop-mapreduce-client-jobclient-2.7.2.jar;C:\Users\lauis\.m2\repository\org\apache\hadoop\hadoop-annotations\2.7.2\hadoop-annotations-2.7.2.jar;C:\Users\lauis\.m2\repository\org\apache\hbase\hbase-client\2.5.3\hbase-client-2.5.3.jar;C:\Users\lauis\.m2\repository\org\apache\hbase\thirdparty\hbase-shaded-protobuf\4.1.4\hbase-shaded-protobuf-4.1.4.jar;C:\Users\lauis\.m2\repository\org\apache\hbase\hbase-common\2.5.3\hbase-common-2.5.3.jar;C:\Users\lauis\.m2\repository\org\apache\hbase\hbase-logging\2.5.3\hbase-logging-2.5.3.jar;C:\Users\lauis\.m2\repository\org\apache\hbase\thirdparty\hbase-shaded-gson\4.1.4\hbase-shaded-gson-4.1.4.jar;C:\Users\lauis\.m2\repository\org\apache\hbase\thirdparty\hbase-unsafe\4.1.4\hbase-unsafe-4.1.4.jar;C:\Users\lauis\.m2\repository\io\opentelemetry\opentelemetry-semconv\1.15.0-alpha\opentelemetry-semconv-1.15.0-alpha.jar;C:\Users\lauis\.m2\repository\org\apache\hbase\hbase-hadoop-compat\2.5.3\hbase-hadoop-compat-2.5.3.jar;C:\Users\lauis\.m2\repository\org\apache\hbase\hbase-metrics-api\2.5.3\hbase-metrics-api-2.5.3.jar;C:\Users\lauis\.m2\repository\org\apache\hbase\hbase-hadoop2-compat\2.5.3\hbase-hadoop2-compat-2.5.3.jar;C:\Users\lauis\.m2\repository\org\apache\hbase\hbase-metrics\2.5.3\hbase-metrics-2.5.3.jar;C:\Users\lauis\.m2\repository\javax\activation\javax.activation-api\1.2.0\javax.activation-api-1.2.0.jar;C:\Users\lauis\.m2\repository\org\apache\hbase\hbase-protocol-shaded\2.5.3\hbase-protocol-shaded-2.5.3.jar;C:\Users\lauis\.m2\repository\javax\annotation\javax.annotation-api\1.3.2\javax.annotation-api-1.3.2.jar;C:\Users\lauis\.m2\repository\org\apache\hbase\hbase-protocol\2.5.3\hbase-protocol-2.5.3.jar;C:\Users\lauis\.m2\repository\org\apache\hbase\thirdparty\hbase-shaded-miscellaneous\4.1.4\hbase-shaded-miscellaneous-4.1.4.jar;C:\Users\lauis\.m2\repository\com\google\errorprone\error_prone_annotations\2.18.0\error_prone_annotations-2.18.0.jar;C:\Users\lauis\.m2\repository\org\apache\hbase\thirdparty\hbase-shaded-netty\4.1.4\hbase-shaded-netty-4.1.4.jar;C:\Users\lauis\.m2\repository\io\opentelemetry\opentelemetry-api\1.15.0\opentelemetry-api-1.15.0.jar;C:\Users\lauis\.m2\repository\io\opentelemetry\opentelemetry-context\1.15.0\opentelemetry-context-1.15.0.jar;C:\Users\lauis\.m2\repository\org\jruby\jcodings\jcodings\1.0.55\jcodings-1.0.55.jar;C:\Users\lauis\.m2\repository\org\jruby\joni\joni\2.1.31\joni-2.1.31.jar;C:\Users\lauis\.m2\repository\org\apache\yetus\audience-annotations\0.13.0\audience-annotations-0.13.0.jar;C:\Users\lauis\.m2\repository\org\apache\hadoop\hadoop-auth\2.10.2\hadoop-auth-2.10.2.jar;C:\Users\lauis\.m2\repository\org\apache\httpcomponents\httpclient\4.5.14\httpclient-4.5.14.jar;C:\Users\lauis\.m2\repository\org\apache\httpcomponents\httpcore\4.4.16\httpcore-4.4.16.jar;C:\Users\lauis\.m2\repository\com\nimbusds\nimbus-jose-jwt\7.9\nimbus-jose-jwt-7.9.jar;C:\Users\lauis\.m2\repository\com\github\stephenc\jcip\jcip-annotations\1.0-1\jcip-annotations-1.0-1.jar;C:\Users\lauis\.m2\repository\org\apache\directory\server\apacheds-kerberos-codec\2.0.0-M15\apacheds-kerberos-codec-2.0.0-M15.jar;C:\Users\lauis\.m2\repository\org\apache\directory\server\apacheds-i18n\2.0.0-M15\apacheds-i18n-2.0.0-M15.jar;C:\Users\lauis\.m2\repository\org\apache\directory\api\api-asn1-api\1.0.0-M20\api-asn1-api-1.0.0-M20.jar;C:\Users\lauis\.m2\repository\org\apache\directory\api\api-util\1.0.0-M20\api-util-1.0.0-M20.jar;"/>
    <property name="java.vm.vendor" value="Amazon.com Inc."/>
    <property name="sun.arch.data.model" value="64"/>
    <property name="user.variant" value=""/>
    <property name="java.vendor.url" value="https://aws.amazon.com/corretto/"/>
    <property name="user.timezone" value="America/Bogota"/>
    <property name="os.name" value="Windows 11"/>
    <property name="java.vm.specification.version" value="17"/>
    <property name="sun.java.launcher" value="SUN_STANDARD"/>
    <property name="user.country" value="US"/>
    <property name="sun.boot.library.path" value="C:\Users\lauis\.jdks\corretto-17.0.6\bin"/>
    <property name="sun.java.command" value="C:\Users\lauis\AppData\Local\Temp\surefire10211854645024211576\surefirebooter8540628601480031116.jar C:\Users\lauis\AppData\Local\Temp\surefire10211854645024211576 2023-05-11T12-18-10_113-jvmRun1 surefire17233250934562509774tmp surefire_07816387329210298651tmp"/>
    <property name="jdk.debug" value="release"/>
    <property name="surefire.test.class.path" value="C:\Users\lauis\Downloads\Maestria\JointProject\server\target\test-classes;C:\Users\lauis\Downloads\Maestria\JointProject\server\target\classes;C:\Users\lauis\.m2\repository\org\springframework\boot\spring-boot-starter-thymeleaf\1.5.1.RELEASE\spring-boot-starter-thymeleaf-1.5.1.RELEASE.jar;C:\Users\lauis\.m2\repository\org\springframework\boot\spring-boot-starter\2.7.10\spring-boot-starter-2.7.10.jar;C:\Users\lauis\.m2\repository\org\springframework\boot\spring-boot\2.7.10\spring-boot-2.7.10.jar;C:\Users\lauis\.m2\repository\org\springframework\boot\spring-boot-autoconfigure\2.7.10\spring-boot-autoconfigure-2.7.10.jar;C:\Users\lauis\.m2\repository\org\springframework\boot\spring-boot-starter-logging\2.7.10\spring-boot-starter-logging-2.7.10.jar;C:\Users\lauis\.m2\repository\org\apache\logging\log4j\log4j-to-slf4j\2.17.2\log4j-to-slf4j-2.17.2.jar;C:\Users\lauis\.m2\repository\org\apache\logging\log4j\log4j-api\2.17.2\log4j-api-2.17.2.jar;C:\Users\lauis\.m2\repository\org\yaml\snakeyaml\1.30\snakeyaml-1.30.jar;C:\Users\lauis\.m2\repository\org\thymeleaf\thymeleaf-spring4\2.1.5.RELEASE\thymeleaf-spring4-2.1.5.RELEASE.jar;C:\Users\lauis\.m2\repository\org\thymeleaf\thymeleaf\3.0.15.RELEASE\thymeleaf-3.0.15.RELEASE.jar;C:\Users\lauis\.m2\repository\ognl\ognl\3.1.26\ognl-3.1.26.jar;C:\Users\lauis\.m2\repository\org\attoparser\attoparser\2.0.5.RELEASE\attoparser-2.0.5.RELEASE.jar;C:\Users\lauis\.m2\repository\org\unbescape\unbescape\1.1.6.RELEASE\unbescape-1.1.6.RELEASE.jar;C:\Users\lauis\.m2\repository\nz\net\ultraq\thymeleaf\thymeleaf-layout-dialect\3.0.0\thymeleaf-layout-dialect-3.0.0.jar;C:\Users\lauis\.m2\repository\org\codehaus\groovy\groovy\3.0.16\groovy-3.0.16.jar;C:\Users\lauis\.m2\repository\nz\net\ultraq\extensions\groovy-extensions\1.1.0\groovy-extensions-1.1.0.jar;C:\Users\lauis\.m2\repository\nz\net\ultraq\thymeleaf\thymeleaf-expression-processor\3.0.0\thymeleaf-expression-processor-3.0.0.jar;C:\Users\lauis\.m2\repository\org\springframework\boot\spring-boot-starter-web\2.7.10\spring-boot-starter-web-2.7.10.jar;C:\Users\lauis\.m2\repository\org\springframework\boot\spring-boot-starter-json\2.7.10\spring-boot-starter-json-2.7.10.jar;C:\Users\lauis\.m2\repository\com\fasterxml\jackson\datatype\jackson-datatype-jdk8\2.13.5\jackson-datatype-jdk8-2.13.5.jar;C:\Users\lauis\.m2\repository\com\fasterxml\jackson\datatype\jackson-datatype-jsr310\2.13.5\jackson-datatype-jsr310-2.13.5.jar;C:\Users\lauis\.m2\repository\com\fasterxml\jackson\module\jackson-module-parameter-names\2.13.5\jackson-module-parameter-names-2.13.5.jar;C:\Users\lauis\.m2\repository\org\springframework\spring-web\5.3.26\spring-web-5.3.26.jar;C:\Users\lauis\.m2\repository\org\springframework\spring-beans\5.3.26\spring-beans-5.3.26.jar;C:\Users\lauis\.m2\repository\org\springframework\spring-webmvc\5.3.26\spring-webmvc-5.3.26.jar;C:\Users\lauis\.m2\repository\org\springframework\spring-aop\5.3.26\spring-aop-5.3.26.jar;C:\Users\lauis\.m2\repository\org\springframework\spring-context\5.3.26\spring-context-5.3.26.jar;C:\Users\lauis\.m2\repository\org\springframework\spring-expression\5.3.26\spring-expression-5.3.26.jar;C:\Users\lauis\.m2\repository\org\springframework\boot\spring-boot-starter-tomcat\2.7.10\spring-boot-starter-tomcat-2.7.10.jar;C:\Users\lauis\.m2\repository\jakarta\annotation\jakarta.annotation-api\1.3.5\jakarta.annotation-api-1.3.5.jar;C:\Users\lauis\.m2\repository\org\apache\tomcat\embed\tomcat-embed-core\9.0.73\tomcat-embed-core-9.0.73.jar;C:\Users\lauis\.m2\repository\org\apache\tomcat\embed\tomcat-embed-el\9.0.73\tomcat-embed-el-9.0.73.jar;C:\Users\lauis\.m2\repository\org\apache\tomcat\embed\tomcat-embed-websocket\9.0.73\tomcat-embed-websocket-9.0.73.jar;C:\Users\lauis\.m2\repository\org\springframework\boot\spring-boot-starter-test\2.7.10\spring-boot-starter-test-2.7.10.jar;C:\Users\lauis\.m2\repository\org\springframework\boot\spring-boot-test\2.7.10\spring-boot-test-2.7.10.jar;C:\Users\lauis\.m2\repository\org\springframework\boot\spring-boot-test-autoconfigure\2.7.10\spring-boot-test-autoconfigure-2.7.10.jar;C:\Users\lauis\.m2\repository\com\jayway\jsonpath\json-path\2.7.0\json-path-2.7.0.jar;C:\Users\lauis\.m2\repository\net\minidev\json-smart\2.4.10\json-smart-2.4.10.jar;C:\Users\lauis\.m2\repository\net\minidev\accessors-smart\2.4.9\accessors-smart-2.4.9.jar;C:\Users\lauis\.m2\repository\org\ow2\asm\asm\9.3\asm-9.3.jar;C:\Users\lauis\.m2\repository\jakarta\xml\bind\jakarta.xml.bind-api\2.3.3\jakarta.xml.bind-api-2.3.3.jar;C:\Users\lauis\.m2\repository\jakarta\activation\jakarta.activation-api\1.2.2\jakarta.activation-api-1.2.2.jar;C:\Users\lauis\.m2\repository\org\assertj\assertj-core\3.22.0\assertj-core-3.22.0.jar;C:\Users\lauis\.m2\repository\org\hamcrest\hamcrest\2.2\hamcrest-2.2.jar;C:\Users\lauis\.m2\repository\org\junit\jupiter\junit-jupiter\5.8.2\junit-jupiter-5.8.2.jar;C:\Users\lauis\.m2\repository\org\junit\jupiter\junit-jupiter-api\5.8.2\junit-jupiter-api-5.8.2.jar;C:\Users\lauis\.m2\repository\org\opentest4j\opentest4j\1.2.0\opentest4j-1.2.0.jar;C:\Users\lauis\.m2\repository\org\junit\platform\junit-platform-commons\1.8.2\junit-platform-commons-1.8.2.jar;C:\Users\lauis\.m2\repository\org\apiguardian\apiguardian-api\1.1.2\apiguardian-api-1.1.2.jar;C:\Users\lauis\.m2\repository\org\junit\jupiter\junit-jupiter-params\5.8.2\junit-jupiter-params-5.8.2.jar;C:\Users\lauis\.m2\repository\org\junit\jupiter\junit-jupiter-engine\5.8.2\junit-jupiter-engine-5.8.2.jar;C:\Users\lauis\.m2\repository\org\junit\platform\junit-platform-engine\1.8.2\junit-platform-engine-1.8.2.jar;C:\Users\lauis\.m2\repository\org\mockito\mockito-core\4.5.1\mockito-core-4.5.1.jar;C:\Users\lauis\.m2\repository\net\bytebuddy\byte-buddy\1.12.23\byte-buddy-1.12.23.jar;C:\Users\lauis\.m2\repository\net\bytebuddy\byte-buddy-agent\1.12.23\byte-buddy-agent-1.12.23.jar;C:\Users\lauis\.m2\repository\org\objenesis\objenesis\3.2\objenesis-3.2.jar;C:\Users\lauis\.m2\repository\org\mockito\mockito-junit-jupiter\4.5.1\mockito-junit-jupiter-4.5.1.jar;C:\Users\lauis\.m2\repository\org\skyscreamer\jsonassert\1.5.1\jsonassert-1.5.1.jar;C:\Users\lauis\.m2\repository\com\vaadin\external\google\android-json\0.0.20131108.vaadin1\android-json-0.0.20131108.vaadin1.jar;C:\Users\lauis\.m2\repository\org\springframework\spring-core\5.3.26\spring-core-5.3.26.jar;C:\Users\lauis\.m2\repository\org\springframework\spring-jcl\5.3.26\spring-jcl-5.3.26.jar;C:\Users\lauis\.m2\repository\org\springframework\spring-test\5.3.26\spring-test-5.3.26.jar;C:\Users\lauis\.m2\repository\org\xmlunit\xmlunit-core\2.9.1\xmlunit-core-2.9.1.jar;C:\Users\lauis\.m2\repository\org\apache\spark\spark-core_2.12\3.1.2\spark-core_2.12-3.1.2.jar;C:\Users\lauis\.m2\repository\com\thoughtworks\paranamer\paranamer\2.8\paranamer-2.8.jar;C:\Users\lauis\.m2\repository\org\apache\avro\avro\1.8.2\avro-1.8.2.jar;C:\Users\lauis\.m2\repository\org\apache\commons\commons-compress\1.8.1\commons-compress-1.8.1.jar;C:\Users\lauis\.m2\repository\org\tukaani\xz\1.5\xz-1.5.jar;C:\Users\lauis\.m2\repository\org\apache\avro\avro-mapred\1.8.2\avro-mapred-1.8.2-hadoop2.jar;C:\Users\lauis\.m2\repository\org\apache\avro\avro-ipc\1.8.2\avro-ipc-1.8.2.jar;C:\Users\lauis\.m2\repository\com\twitter\chill_2.12\0.9.5\chill_2.12-0.9.5.jar;C:\Users\lauis\.m2\repository\com\esotericsoftware\kryo-shaded\4.0.2\kryo-shaded-4.0.2.jar;C:\Users\lauis\.m2\repository\com\esotericsoftware\minlog\1.3.0\minlog-1.3.0.jar;C:\Users\lauis\.m2\repository\com\twitter\chill-java\0.9.5\chill-java-0.9.5.jar;C:\Users\lauis\.m2\repository\org\apache\xbean\xbean-asm7-shaded\4.15\xbean-asm7-shaded-4.15.jar;C:\Users\lauis\.m2\repository\org\apache\spark\spark-launcher_2.12\3.1.2\spark-launcher_2.12-3.1.2.jar;C:\Users\lauis\.m2\repository\org\apache\spark\spark-kvstore_2.12\3.1.2\spark-kvstore_2.12-3.1.2.jar;C:\Users\lauis\.m2\repository\com\fasterxml\jackson\core\jackson-core\2.13.5\jackson-core-2.13.5.jar;C:\Users\lauis\.m2\repository\com\fasterxml\jackson\core\jackson-annotations\2.13.5\jackson-annotations-2.13.5.jar;C:\Users\lauis\.m2\repository\org\apache\spark\spark-network-common_2.12\3.1.2\spark-network-common_2.12-3.1.2.jar;C:\Users\lauis\.m2\repository\org\apache\spark\spark-network-shuffle_2.12\3.1.2\spark-network-shuffle_2.12-3.1.2.jar;C:\Users\lauis\.m2\repository\org\apache\spark\spark-unsafe_2.12\3.1.2\spark-unsafe_2.12-3.1.2.jar;C:\Users\lauis\.m2\repository\javax\activation\activation\1.1.1\activation-1.1.1.jar;C:\Users\lauis\.m2\repository\org\apache\curator\curator-recipes\2.13.0\curator-recipes-2.13.0.jar;C:\Users\lauis\.m2\repository\org\apache\curator\curator-framework\2.13.0\curator-framework-2.13.0.jar;C:\Users\lauis\.m2\repository\org\apache\zookeeper\zookeeper\3.4.14\zookeeper-3.4.14.jar;C:\Users\lauis\.m2\repository\jakarta\servlet\jakarta.servlet-api\4.0.4\jakarta.servlet-api-4.0.4.jar;C:\Users\lauis\.m2\repository\org\apache\commons\commons-lang3\3.12.0\commons-lang3-3.12.0.jar;C:\Users\lauis\.m2\repository\org\apache\commons\commons-math3\3.4.1\commons-math3-3.4.1.jar;C:\Users\lauis\.m2\repository\org\apache\commons\commons-text\1.6\commons-text-1.6.jar;C:\Users\lauis\.m2\repository\com\google\code\findbugs\jsr305\3.0.0\jsr305-3.0.0.jar;C:\Users\lauis\.m2\repository\org\slf4j\slf4j-api\1.7.36\slf4j-api-1.7.36.jar;C:\Users\lauis\.m2\repository\org\slf4j\jul-to-slf4j\1.7.36\jul-to-slf4j-1.7.36.jar;C:\Users\lauis\.m2\repository\org\slf4j\jcl-over-slf4j\1.7.36\jcl-over-slf4j-1.7.36.jar;C:\Users\lauis\.m2\repository\log4j\log4j\1.2.17\log4j-1.2.17.jar;C:\Users\lauis\.m2\repository\org\slf4j\slf4j-reload4j\1.7.36\slf4j-reload4j-1.7.36.jar;C:\Users\lauis\.m2\repository\ch\qos\reload4j\reload4j\1.2.19\reload4j-1.2.19.jar;C:\Users\lauis\.m2\repository\com\ning\compress-lzf\1.0.3\compress-lzf-1.0.3.jar;C:\Users\lauis\.m2\repository\org\xerial\snappy\snappy-java\1.1.8.2\snappy-java-1.1.8.2.jar;C:\Users\lauis\.m2\repository\org\lz4\lz4-java\1.7.1\lz4-java-1.7.1.jar;C:\Users\lauis\.m2\repository\com\github\luben\zstd-jni\1.4.8-1\zstd-jni-1.4.8-1.jar;C:\Users\lauis\.m2\repository\org\roaringbitmap\RoaringBitmap\0.9.0\RoaringBitmap-0.9.0.jar;C:\Users\lauis\.m2\repository\org\roaringbitmap\shims\0.9.0\shims-0.9.0.jar;C:\Users\lauis\.m2\repository\commons-net\commons-net\3.1\commons-net-3.1.jar;C:\Users\lauis\.m2\repository\org\scala-lang\modules\scala-xml_2.12\1.2.0\scala-xml_2.12-1.2.0.jar;C:\Users\lauis\.m2\repository\org\scala-lang\scala-library\2.12.10\scala-library-2.12.10.jar;C:\Users\lauis\.m2\repository\org\scala-lang\scala-reflect\2.12.10\scala-reflect-2.12.10.jar;C:\Users\lauis\.m2\repository\org\json4s\json4s-jackson_2.12\3.7.0-M5\json4s-jackson_2.12-3.7.0-M5.jar;C:\Users\lauis\.m2\repository\org\json4s\json4s-core_2.12\3.7.0-M5\json4s-core_2.12-3.7.0-M5.jar;C:\Users\lauis\.m2\repository\org\json4s\json4s-ast_2.12\3.7.0-M5\json4s-ast_2.12-3.7.0-M5.jar;C:\Users\lauis\.m2\repository\org\json4s\json4s-scalap_2.12\3.7.0-M5\json4s-scalap_2.12-3.7.0-M5.jar;C:\Users\lauis\.m2\repository\org\glassfish\jersey\core\jersey-client\2.35\jersey-client-2.35.jar;C:\Users\lauis\.m2\repository\jakarta\ws\rs\jakarta.ws.rs-api\2.1.6\jakarta.ws.rs-api-2.1.6.jar;C:\Users\lauis\.m2\repository\org\glassfish\hk2\external\jakarta.inject\2.6.1\jakarta.inject-2.6.1.jar;C:\Users\lauis\.m2\repository\org\glassfish\jersey\core\jersey-common\2.35\jersey-common-2.35.jar;C:\Users\lauis\.m2\repository\org\glassfish\hk2\osgi-resource-locator\1.0.3\osgi-resource-locator-1.0.3.jar;C:\Users\lauis\.m2\repository\org\glassfish\jersey\core\jersey-server\2.35\jersey-server-2.35.jar;C:\Users\lauis\.m2\repository\jakarta\validation\jakarta.validation-api\2.0.2\jakarta.validation-api-2.0.2.jar;C:\Users\lauis\.m2\repository\org\glassfish\jersey\containers\jersey-container-servlet\2.35\jersey-container-servlet-2.35.jar;C:\Users\lauis\.m2\repository\org\glassfish\jersey\containers\jersey-container-servlet-core\2.35\jersey-container-servlet-core-2.35.jar;C:\Users\lauis\.m2\repository\org\glassfish\jersey\inject\jersey-hk2\2.35\jersey-hk2-2.35.jar;C:\Users\lauis\.m2\repository\org\glassfish\hk2\hk2-locator\2.6.1\hk2-locator-2.6.1.jar;C:\Users\lauis\.m2\repository\org\glassfish\hk2\external\aopalliance-repackaged\2.6.1\aopalliance-repackaged-2.6.1.jar;C:\Users\lauis\.m2\repository\org\glassfish\hk2\hk2-api\2.6.1\hk2-api-2.6.1.jar;C:\Users\lauis\.m2\repository\org\glassfish\hk2\hk2-utils\2.6.1\hk2-utils-2.6.1.jar;C:\Users\lauis\.m2\repository\org\javassist\javassist\3.25.0-GA\javassist-3.25.0-GA.jar;C:\Users\lauis\.m2\repository\io\netty\netty-all\4.1.90.Final\netty-all-4.1.90.Final.jar;C:\Users\lauis\.m2\repository\io\netty\netty-buffer\4.1.90.Final\netty-buffer-4.1.90.Final.jar;C:\Users\lauis\.m2\repository\io\netty\netty-codec\4.1.90.Final\netty-codec-4.1.90.Final.jar;C:\Users\lauis\.m2\repository\io\netty\netty-codec-dns\4.1.90.Final\netty-codec-dns-4.1.90.Final.jar;C:\Users\lauis\.m2\repository\io\netty\netty-codec-haproxy\4.1.90.Final\netty-codec-haproxy-4.1.90.Final.jar;C:\Users\lauis\.m2\repository\io\netty\netty-codec-http\4.1.90.Final\netty-codec-http-4.1.90.Final.jar;C:\Users\lauis\.m2\repository\io\netty\netty-codec-http2\4.1.90.Final\netty-codec-http2-4.1.90.Final.jar;C:\Users\lauis\.m2\repository\io\netty\netty-codec-memcache\4.1.90.Final\netty-codec-memcache-4.1.90.Final.jar;C:\Users\lauis\.m2\repository\io\netty\netty-codec-mqtt\4.1.90.Final\netty-codec-mqtt-4.1.90.Final.jar;C:\Users\lauis\.m2\repository\io\netty\netty-codec-redis\4.1.90.Final\netty-codec-redis-4.1.90.Final.jar;C:\Users\lauis\.m2\repository\io\netty\netty-codec-smtp\4.1.90.Final\netty-codec-smtp-4.1.90.Final.jar;C:\Users\lauis\.m2\repository\io\netty\netty-codec-socks\4.1.90.Final\netty-codec-socks-4.1.90.Final.jar;C:\Users\lauis\.m2\repository\io\netty\netty-codec-stomp\4.1.90.Final\netty-codec-stomp-4.1.90.Final.jar;C:\Users\lauis\.m2\repository\io\netty\netty-codec-xml\4.1.90.Final\netty-codec-xml-4.1.90.Final.jar;C:\Users\lauis\.m2\repository\io\netty\netty-common\4.1.90.Final\netty-common-4.1.90.Final.jar;C:\Users\lauis\.m2\repository\io\netty\netty-handler\4.1.90.Final\netty-handler-4.1.90.Final.jar;C:\Users\lauis\.m2\repository\io\netty\netty-transport-native-unix-common\4.1.90.Final\netty-transport-native-unix-common-4.1.90.Final.jar;C:\Users\lauis\.m2\repository\io\netty\netty-handler-proxy\4.1.90.Final\netty-handler-proxy-4.1.90.Final.jar;C:\Users\lauis\.m2\repository\io\netty\netty-handler-ssl-ocsp\4.1.90.Final\netty-handler-ssl-ocsp-4.1.90.Final.jar;C:\Users\lauis\.m2\repository\io\netty\netty-resolver\4.1.90.Final\netty-resolver-4.1.90.Final.jar;C:\Users\lauis\.m2\repository\io\netty\netty-resolver-dns\4.1.90.Final\netty-resolver-dns-4.1.90.Final.jar;C:\Users\lauis\.m2\repository\io\netty\netty-transport\4.1.90.Final\netty-transport-4.1.90.Final.jar;C:\Users\lauis\.m2\repository\io\netty\netty-transport-rxtx\4.1.90.Final\netty-transport-rxtx-4.1.90.Final.jar;C:\Users\lauis\.m2\repository\io\netty\netty-transport-sctp\4.1.90.Final\netty-transport-sctp-4.1.90.Final.jar;C:\Users\lauis\.m2\repository\io\netty\netty-transport-udt\4.1.90.Final\netty-transport-udt-4.1.90.Final.jar;C:\Users\lauis\.m2\repository\io\netty\netty-transport-classes-epoll\4.1.90.Final\netty-transport-classes-epoll-4.1.90.Final.jar;C:\Users\lauis\.m2\repository\io\netty\netty-transport-classes-kqueue\4.1.90.Final\netty-transport-classes-kqueue-4.1.90.Final.jar;C:\Users\lauis\.m2\repository\io\netty\netty-resolver-dns-classes-macos\4.1.90.Final\netty-resolver-dns-classes-macos-4.1.90.Final.jar;C:\Users\lauis\.m2\repository\io\netty\netty-transport-native-epoll\4.1.90.Final\netty-transport-native-epoll-4.1.90.Final-linux-x86_64.jar;C:\Users\lauis\.m2\repository\io\netty\netty-transport-native-epoll\4.1.90.Final\netty-transport-native-epoll-4.1.90.Final-linux-aarch_64.jar;C:\Users\lauis\.m2\repository\io\netty\netty-transport-native-kqueue\4.1.90.Final\netty-transport-native-kqueue-4.1.90.Final-osx-x86_64.jar;C:\Users\lauis\.m2\repository\io\netty\netty-transport-native-kqueue\4.1.90.Final\netty-transport-native-kqueue-4.1.90.Final-osx-aarch_64.jar;C:\Users\lauis\.m2\repository\io\netty\netty-resolver-dns-native-macos\4.1.90.Final\netty-resolver-dns-native-macos-4.1.90.Final-osx-x86_64.jar;C:\Users\lauis\.m2\repository\io\netty\netty-resolver-dns-native-macos\4.1.90.Final\netty-resolver-dns-native-macos-4.1.90.Final-osx-aarch_64.jar;C:\Users\lauis\.m2\repository\com\clearspring\analytics\stream\2.9.6\stream-2.9.6.jar;C:\Users\lauis\.m2\repository\io\dropwizard\metrics\metrics-core\4.2.18\metrics-core-4.2.18.jar;C:\Users\lauis\.m2\repository\io\dropwizard\metrics\metrics-jvm\4.2.18\metrics-jvm-4.2.18.jar;C:\Users\lauis\.m2\repository\io\dropwizard\metrics\metrics-json\4.2.18\metrics-json-4.2.18.jar;C:\Users\lauis\.m2\repository\io\dropwizard\metrics\metrics-graphite\4.2.18\metrics-graphite-4.2.18.jar;C:\Users\lauis\.m2\repository\io\dropwizard\metrics\metrics-jmx\4.2.18\metrics-jmx-4.2.18.jar;C:\Users\lauis\.m2\repository\com\fasterxml\jackson\core\jackson-databind\2.13.5\jackson-databind-2.13.5.jar;C:\Users\lauis\.m2\repository\com\fasterxml\jackson\module\jackson-module-scala_2.12\2.13.5\jackson-module-scala_2.12-2.13.5.jar;C:\Users\lauis\.m2\repository\org\apache\ivy\ivy\2.4.0\ivy-2.4.0.jar;C:\Users\lauis\.m2\repository\oro\oro\2.0.8\oro-2.0.8.jar;C:\Users\lauis\.m2\repository\net\razorvine\pyrolite\4.30\pyrolite-4.30.jar;C:\Users\lauis\.m2\repository\net\sf\py4j\py4j\0.10.9\py4j-0.10.9.jar;C:\Users\lauis\.m2\repository\org\apache\spark\spark-tags_2.12\3.1.2\spark-tags_2.12-3.1.2.jar;C:\Users\lauis\.m2\repository\org\apache\commons\commons-crypto\1.1.0\commons-crypto-1.1.0.jar;C:\Users\lauis\.m2\repository\org\spark-project\spark\unused\1.0.0\unused-1.0.0.jar;C:\Users\lauis\.m2\repository\org\apache\hadoop\hadoop-hdfs\2.7.2\hadoop-hdfs-2.7.2.jar;C:\Users\lauis\.m2\repository\com\google\guava\guava\11.0.2\guava-11.0.2.jar;C:\Users\lauis\.m2\repository\org\mortbay\jetty\jetty\6.1.26\jetty-6.1.26.jar;C:\Users\lauis\.m2\repository\org\mortbay\jetty\jetty-util\6.1.26\jetty-util-6.1.26.jar;C:\Users\lauis\.m2\repository\com\sun\jersey\jersey-core\1.9\jersey-core-1.9.jar;C:\Users\lauis\.m2\repository\com\sun\jersey\jersey-server\1.9\jersey-server-1.9.jar;C:\Users\lauis\.m2\repository\asm\asm\3.1\asm-3.1.jar;C:\Users\lauis\.m2\repository\commons-cli\commons-cli\1.2\commons-cli-1.2.jar;C:\Users\lauis\.m2\repository\commons-codec\commons-codec\1.15\commons-codec-1.15.jar;C:\Users\lauis\.m2\repository\commons-io\commons-io\2.4\commons-io-2.4.jar;C:\Users\lauis\.m2\repository\commons-lang\commons-lang\2.6\commons-lang-2.6.jar;C:\Users\lauis\.m2\repository\commons-logging\commons-logging\1.1.3\commons-logging-1.1.3.jar;C:\Users\lauis\.m2\repository\commons-daemon\commons-daemon\1.0.13\commons-daemon-1.0.13.jar;C:\Users\lauis\.m2\repository\com\google\protobuf\protobuf-java\2.5.0\protobuf-java-2.5.0.jar;C:\Users\lauis\.m2\repository\javax\servlet\servlet-api\2.5\servlet-api-2.5.jar;C:\Users\lauis\.m2\repository\org\codehaus\jackson\jackson-core-asl\1.9.13\jackson-core-asl-1.9.13.jar;C:\Users\lauis\.m2\repository\org\codehaus\jackson\jackson-mapper-asl\1.9.13\jackson-mapper-asl-1.9.13.jar;C:\Users\lauis\.m2\repository\xmlenc\xmlenc\0.52\xmlenc-0.52.jar;C:\Users\lauis\.m2\repository\io\netty\netty\3.6.2.Final\netty-3.6.2.Final.jar;C:\Users\lauis\.m2\repository\xerces\xercesImpl\2.9.1\xercesImpl-2.9.1.jar;C:\Users\lauis\.m2\repository\xml-apis\xml-apis\1.3.04\xml-apis-1.3.04.jar;C:\Users\lauis\.m2\repository\org\apache\htrace\htrace-core\3.1.0-incubating\htrace-core-3.1.0-incubating.jar;C:\Users\lauis\.m2\repository\org\fusesource\leveldbjni\leveldbjni-all\1.8\leveldbjni-all-1.8.jar;C:\Users\lauis\.m2\repository\org\apache\hadoop\hadoop-client\2.7.2\hadoop-client-2.7.2.jar;C:\Users\lauis\.m2\repository\org\apache\hadoop\hadoop-common\2.7.2\hadoop-common-2.7.2.jar;C:\Users\lauis\.m2\repository\commons-httpclient\commons-httpclient\3.1\commons-httpclient-3.1.jar;C:\Users\lauis\.m2\repository\commons-collections\commons-collections\3.2.2\commons-collections-3.2.2.jar;C:\Users\lauis\.m2\repository\javax\servlet\jsp\jsp-api\2.1\jsp-api-2.1.jar;C:\Users\lauis\.m2\repository\commons-configuration\commons-configuration\1.6\commons-configuration-1.6.jar;C:\Users\lauis\.m2\repository\commons-digester\commons-digester\1.8\commons-digester-1.8.jar;C:\Users\lauis\.m2\repository\commons-beanutils\commons-beanutils\1.7.0\commons-beanutils-1.7.0.jar;C:\Users\lauis\.m2\repository\commons-beanutils\commons-beanutils-core\1.8.0\commons-beanutils-core-1.8.0.jar;C:\Users\lauis\.m2\repository\com\google\code\gson\gson\2.9.1\gson-2.9.1.jar;C:\Users\lauis\.m2\repository\org\apache\curator\curator-client\2.7.1\curator-client-2.7.1.jar;C:\Users\lauis\.m2\repository\org\apache\hadoop\hadoop-mapreduce-client-app\2.7.2\hadoop-mapreduce-client-app-2.7.2.jar;C:\Users\lauis\.m2\repository\org\apache\hadoop\hadoop-mapreduce-client-common\2.7.2\hadoop-mapreduce-client-common-2.7.2.jar;C:\Users\lauis\.m2\repository\org\apache\hadoop\hadoop-yarn-client\2.7.2\hadoop-yarn-client-2.7.2.jar;C:\Users\lauis\.m2\repository\org\apache\hadoop\hadoop-yarn-server-common\2.7.2\hadoop-yarn-server-common-2.7.2.jar;C:\Users\lauis\.m2\repository\org\apache\hadoop\hadoop-mapreduce-client-shuffle\2.7.2\hadoop-mapreduce-client-shuffle-2.7.2.jar;C:\Users\lauis\.m2\repository\org\apache\hadoop\hadoop-yarn-api\2.7.2\hadoop-yarn-api-2.7.2.jar;C:\Users\lauis\.m2\repository\org\apache\hadoop\hadoop-mapreduce-client-core\2.7.2\hadoop-mapreduce-client-core-2.7.2.jar;C:\Users\lauis\.m2\repository\org\apache\hadoop\hadoop-yarn-common\2.7.2\hadoop-yarn-common-2.7.2.jar;C:\Users\lauis\.m2\repository\javax\xml\bind\jaxb-api\2.3.1\jaxb-api-2.3.1.jar;C:\Users\lauis\.m2\repository\com\sun\jersey\jersey-client\1.9\jersey-client-1.9.jar;C:\Users\lauis\.m2\repository\org\codehaus\jackson\jackson-jaxrs\1.9.13\jackson-jaxrs-1.9.13.jar;C:\Users\lauis\.m2\repository\org\codehaus\jackson\jackson-xc\1.9.13\jackson-xc-1.9.13.jar;C:\Users\lauis\.m2\repository\org\apache\hadoop\hadoop-mapreduce-client-jobclient\2.7.2\hadoop-mapreduce-client-jobclient-2.7.2.jar;C:\Users\lauis\.m2\repository\org\apache\hadoop\hadoop-annotations\2.7.2\hadoop-annotations-2.7.2.jar;C:\Users\lauis\.m2\repository\org\apache\hbase\hbase-client\2.5.3\hbase-client-2.5.3.jar;C:\Users\lauis\.m2\repository\org\apache\hbase\thirdparty\hbase-shaded-protobuf\4.1.4\hbase-shaded-protobuf-4.1.4.jar;C:\Users\lauis\.m2\repository\org\apache\hbase\hbase-common\2.5.3\hbase-common-2.5.3.jar;C:\Users\lauis\.m2\repository\org\apache\hbase\hbase-logging\2.5.3\hbase-logging-2.5.3.jar;C:\Users\lauis\.m2\repository\org\apache\hbase\thirdparty\hbase-shaded-gson\4.1.4\hbase-shaded-gson-4.1.4.jar;C:\Users\lauis\.m2\repository\org\apache\hbase\thirdparty\hbase-unsafe\4.1.4\hbase-unsafe-4.1.4.jar;C:\Users\lauis\.m2\repository\io\opentelemetry\opentelemetry-semconv\1.15.0-alpha\opentelemetry-semconv-1.15.0-alpha.jar;C:\Users\lauis\.m2\repository\org\apache\hbase\hbase-hadoop-compat\2.5.3\hbase-hadoop-compat-2.5.3.jar;C:\Users\lauis\.m2\repository\org\apache\hbase\hbase-metrics-api\2.5.3\hbase-metrics-api-2.5.3.jar;C:\Users\lauis\.m2\repository\org\apache\hbase\hbase-hadoop2-compat\2.5.3\hbase-hadoop2-compat-2.5.3.jar;C:\Users\lauis\.m2\repository\org\apache\hbase\hbase-metrics\2.5.3\hbase-metrics-2.5.3.jar;C:\Users\lauis\.m2\repository\javax\activation\javax.activation-api\1.2.0\javax.activation-api-1.2.0.jar;C:\Users\lauis\.m2\repository\org\apache\hbase\hbase-protocol-shaded\2.5.3\hbase-protocol-shaded-2.5.3.jar;C:\Users\lauis\.m2\repository\javax\annotation\javax.annotation-api\1.3.2\javax.annotation-api-1.3.2.jar;C:\Users\lauis\.m2\repository\org\apache\hbase\hbase-protocol\2.5.3\hbase-protocol-2.5.3.jar;C:\Users\lauis\.m2\repository\org\apache\hbase\thirdparty\hbase-shaded-miscellaneous\4.1.4\hbase-shaded-miscellaneous-4.1.4.jar;C:\Users\lauis\.m2\repository\com\google\errorprone\error_prone_annotations\2.18.0\error_prone_annotations-2.18.0.jar;C:\Users\lauis\.m2\repository\org\apache\hbase\thirdparty\hbase-shaded-netty\4.1.4\hbase-shaded-netty-4.1.4.jar;C:\Users\lauis\.m2\repository\io\opentelemetry\opentelemetry-api\1.15.0\opentelemetry-api-1.15.0.jar;C:\Users\lauis\.m2\repository\io\opentelemetry\opentelemetry-context\1.15.0\opentelemetry-context-1.15.0.jar;C:\Users\lauis\.m2\repository\org\jruby\jcodings\jcodings\1.0.55\jcodings-1.0.55.jar;C:\Users\lauis\.m2\repository\org\jruby\joni\joni\2.1.31\joni-2.1.31.jar;C:\Users\lauis\.m2\repository\org\apache\yetus\audience-annotations\0.13.0\audience-annotations-0.13.0.jar;C:\Users\lauis\.m2\repository\org\apache\hadoop\hadoop-auth\2.10.2\hadoop-auth-2.10.2.jar;C:\Users\lauis\.m2\repository\org\apache\httpcomponents\httpclient\4.5.14\httpclient-4.5.14.jar;C:\Users\lauis\.m2\repository\org\apache\httpcomponents\httpcore\4.4.16\httpcore-4.4.16.jar;C:\Users\lauis\.m2\repository\com\nimbusds\nimbus-jose-jwt\7.9\nimbus-jose-jwt-7.9.jar;C:\Users\lauis\.m2\repository\com\github\stephenc\jcip\jcip-annotations\1.0-1\jcip-annotations-1.0-1.jar;C:\Users\lauis\.m2\repository\org\apache\directory\server\apacheds-kerberos-codec\2.0.0-M15\apacheds-kerberos-codec-2.0.0-M15.jar;C:\Users\lauis\.m2\repository\org\apache\directory\server\apacheds-i18n\2.0.0-M15\apacheds-i18n-2.0.0-M15.jar;C:\Users\lauis\.m2\repository\org\apache\directory\api\api-asn1-api\1.0.0-M20\api-asn1-api-1.0.0-M20.jar;C:\Users\lauis\.m2\repository\org\apache\directory\api\api-util\1.0.0-M20\api-util-1.0.0-M20.jar;"/>
    <property name="sun.cpu.endian" value="little"/>
    <property name="user.home" value="C:\Users\lauis"/>
    <property name="user.language" value="en"/>
    <property name="java.specification.vendor" value="Oracle Corporation"/>
    <property name="java.version.date" value="2023-01-17"/>
    <property name="java.home" value="C:\Users\lauis\.jdks\corretto-17.0.6"/>
    <property name="file.separator" value="\"/>
    <property name="basedir" value="C:\Users\lauis\Downloads\Maestria\JointProject\server"/>
    <property name="java.vm.compressedOopsMode" value="Zero based"/>
    <property name="line.separator" value="&#10;"/>
    <property name="java.vm.specification.vendor" value="Oracle Corporation"/>
    <property name="java.specification.name" value="Java Platform API Specification"/>
    <property name="surefire.real.class.path" value="C:\Users\lauis\AppData\Local\Temp\surefire10211854645024211576\surefirebooter8540628601480031116.jar"/>
    <property name="user.script" value=""/>
    <property name="sun.management.compiler" value="HotSpot 64-Bit Tiered Compilers"/>
    <property name="java.runtime.version" value="17.0.6+10-LTS"/>
    <property name="user.name" value="lauis"/>
    <property name="path.separator" value=";"/>
    <property name="os.version" value="10.0"/>
    <property name="java.runtime.name" value="OpenJDK Runtime Environment"/>
    <property name="file.encoding" value="Cp1252"/>
    <property name="java.vm.name" value="OpenJDK 64-Bit Server VM"/>
    <property name="java.vendor.version" value="Corretto-17.0.6.10.1"/>
    <property name="localRepository" value="C:\Users\lauis\.m2\repository"/>
    <property name="java.vendor.url.bug" value="https://github.com/corretto/corretto-17/issues/"/>
    <property name="java.io.tmpdir" value="C:\Users\lauis\AppData\Local\Temp\"/>
    <property name="idea.version" value="2022.3.3"/>
    <property name="java.version" value="17.0.6"/>
    <property name="user.dir" value="C:\Users\lauis\Downloads\Maestria\JointProject\server"/>
    <property name="os.arch" value="amd64"/>
    <property name="java.vm.specification.name" value="Java Virtual Machine Specification"/>
    <property name="sun.os.patch.level" value=""/>
    <property name="native.encoding" value="Cp1252"/>
    <property name="java.library.path" value="C:\Users\lauis\.jdks\corretto-17.0.6\bin;C:\WINDOWS\Sun\Java\bin;C:\WINDOWS\system32;C:\WINDOWS;C:\Program Files (x86)\Common Files\Oracle\Java\javapath;C:\Windows\system32;C:\Windows;C:\Windows\System32\Wbem;C:\Windows\System32\WindowsPowerShell\v1.0\;C:\Windows\System32\OpenSSH\;C:\Program Files (x86)\NVIDIA Corporation\PhysX\Common;C:\Program Files\NVIDIA Corporation\NVIDIA NvDLISR;C:\Program Files\Git\cmd;C:\Program Files\Docker\Docker\resources\bin;C:\ProgramData\DockerDesktop\version-bin;C:\WINDOWS\system32;C:\WINDOWS;C:\WINDOWS\System32\Wbem;C:\WINDOWS\System32\WindowsPowerShell\v1.0\;C:\WINDOWS\System32\OpenSSH\;C:\Program Files\nodejs\;C:\Users\lauis\AppData\Local\Programs\Python\Python310\Scripts\;C:\Users\lauis\AppData\Local\Programs\Python\Python310\;C:\Users\lauis\AppData\Local\Microsoft\WindowsApps;C:\Users\lauis\Downloads\flutter\flutter\bin;C:\Users\lauis\AppData\Local\Programs\Microsoft VS Code\bin;&quot;C:\WINDOWS\system32;C:\WINDOWS;C:\Program Files\Java\jdk1.8.0_361\bin&quot;;C:\Users\lauis\AppData\Roaming\npm;C:\Program Files\nodejs\;&quot;C:\Program Files (x86)\Common Files\Oracle\Java\javapath;C:\Windows\system32;C:\Windows;C:\Windows\System32\Wbem;C:\Windows\System32\WindowsPowerShell\v1.0\;C:\Windows\System32\OpenSSH\;C:\Program Files (x86)\NVIDIA Corporation\PhysX\Common;C:\Program Files\NVIDIA Corporation\NVIDIA NvDLISR;C:\Program Files\Git\cmd;C:\Program Files\Docker\Docker\resources\bin;C:\ProgramData\DockerDesktop\version-bin;C:\WINDOWS\system32;C:\WINDOWS;C:\WINDOWS\System32\Wbem;C:\WINDOWS\System32\WindowsPowerShell\v1.0\;C:\WINDOWS\System32\OpenSSH\;C:\Program Files\nodejs\;C:\hadoop-3.2.1\bin&quot;;;."/>
    <property name="java.vm.info" value="mixed mode, sharing"/>
    <property name="java.vendor" value="Amazon.com Inc."/>
    <property name="java.vm.version" value="17.0.6+10-LTS"/>
    <property name="sun.io.unicode.encoding" value="UnicodeLittle"/>
    <property name="java.class.version" value="61.0"/>
  </properties>
  <testcase name="contextLoads" classname="com.inHealth.server.ServerApplicationTests" time="0.344"/>
</testsuite>